<?xml version="1.0" encoding="UTF-8"?>
<testsuite xmlns:xsi="http://www.w3.org/2001/XMLSchema-instance" xsi:noNamespaceSchemaLocation="https://maven.apache.org/surefire/maven-surefire-plugin/xsd/surefire-test-report.xsd" name="com.cognizant.pharmacysupply.model.MedicineStockTest" time="0.175" tests="5" errors="0" skipped="0" failures="0">
  <properties>
[...]
</properties>
  <testcase name="AllArgConstTest" classname="com.cognizant.pharmacysupply.model.MedicineStockTest" time="0.044"/>
  <testcase name="testToString" classname="com.cognizant.pharmacysupply.model.MedicineStockTest" time="0.004"/>
  <testcase name="testGetters" classname="com.cognizant.pharmacysupply.model.MedicineStockTest" time="0.012"/>
  <testcase name="NoArgsConstructorTest" classname="com.cognizant.pharmacysupply.model.MedicineStockTest" time="0.001"/>
  <testcase name="testSetters" classname="com.cognizant.pharmacysupply.model.MedicineStockTest" time="0"/>
</testsuite>