<?xml version="1.0" encoding="UTF-8"?>
<testsuite xmlns:xsi="http://www.w3.org/2001/XMLSchema-instance" xsi:noNamespaceSchemaLocation="https://maven.apache.org/surefire/maven-surefire-plugin/xsd/surefire-test-report.xsd" name="com.cognizant.pharmacysupply.PharmacySupplyApplicationTests" time="40.451" tests="2" errors="1" skipped="0" failures="0">
  <properties>
[...]
</properties>
  <testcase name="main" classname="com.cognizant.pharmacysupply.PharmacySupplyApplicationTests" time="11.663">
    <error message="Failed to start bean &apos;webServerStartStop&apos;; nested exception is org.springframework.boot.web.server.PortInUseException: Port 8093 is already in use" type="org.springframework.context.ApplicationContextException">org.springframework.context.ApplicationContextException: Failed to start bean 'webServerStartStop'; nested exception is org.springframework.boot.web.server.PortInUseException: Port 8093 is already in use
	at com.cognizant.pharmacysupply.PharmacySupplyApplicationTests.main(PharmacySupplyApplicationTests.java:22)
Caused by: org.springframework.boot.web.server.PortInUseException: Port 8093 is already in use
	at com.cognizant.pharmacysupply.PharmacySupplyApplicationTests.main(PharmacySupplyApplicationTests.java:22)
Caused by: java.lang.IllegalArgumentException: standardService.connector.startFailed
	at com.cognizant.pharmacysupply.PharmacySupplyApplicationTests.main(PharmacySupplyApplicationTests.java:22)
Caused by: org.apache.catalina.LifecycleException: Protocol handler start failed
	at com.cognizant.pharmacysupply.PharmacySupplyApplicationTests.main(PharmacySupplyApplicationTests.java:22)
Caused by: java.net.BindException: Address already in use: bind
	at com.cognizant.pharmacysupply.PharmacySupplyApplicationTests.main(PharmacySupplyApplicationTests.java:22)
</error>
    <system-out><![CDATA[10:09:48.325 [main] DEBUG org.springframework.test.context.junit4.SpringJUnit4ClassRunner - SpringJUnit4ClassRunner constructor called with [class com.cognizant.pharmacysupply.controller.PharmacySupplyControllerTest]
10:09:48.342 [main] DEBUG org.springframework.test.context.BootstrapUtils - Instantiating CacheAwareContextLoaderDelegate from class [org.springframework.test.context.cache.DefaultCacheAwareContextLoaderDelegate]
10:09:48.392 [main] DEBUG org.springframework.test.context.BootstrapUtils - Instantiating BootstrapContext using constructor [public org.springframework.test.context.support.DefaultBootstrapContext(java.lang.Class,org.springframework.test.context.CacheAwareContextLoaderDelegate)]
10:09:48.639 [main] DEBUG org.springframework.test.context.BootstrapUtils - Instantiating TestContextBootstrapper for test class [com.cognizant.pharmacysupply.controller.PharmacySupplyControllerTest] from class [org.springframework.boot.test.context.SpringBootTestContextBootstrapper]
10:09:48.707 [main] INFO org.springframework.boot.test.context.SpringBootTestContextBootstrapper - Neither @ContextConfiguration nor @ContextHierarchy found for test class [com.cognizant.pharmacysupply.controller.PharmacySupplyControllerTest], using SpringBootContextLoader
10:09:48.725 [main] DEBUG org.springframework.test.context.support.AbstractContextLoader - Did not detect default resource location for test class [com.cognizant.pharmacysupply.controller.PharmacySupplyControllerTest]: class path resource [com/cognizant/pharmacysupply/controller/PharmacySupplyControllerTest-context.xml] does not exist
10:09:48.730 [main] DEBUG org.springframework.test.context.support.AbstractContextLoader - Did not detect default resource location for test class [com.cognizant.pharmacysupply.controller.PharmacySupplyControllerTest]: class path resource [com/cognizant/pharmacysupply/controller/PharmacySupplyControllerTestContext.groovy] does not exist
10:09:48.740 [main] INFO org.springframework.test.context.support.AbstractContextLoader - Could not detect default resource locations for test class [com.cognizant.pharmacysupply.controller.PharmacySupplyControllerTest]: no resource found for suffixes {-context.xml, Context.groovy}.
10:09:48.746 [main] INFO org.springframework.test.context.support.AnnotationConfigContextLoaderUtils - Could not detect default configuration classes for test class [com.cognizant.pharmacysupply.controller.PharmacySupplyControllerTest]: PharmacySupplyControllerTest does not declare any static, non-private, non-final, nested classes annotated with @Configuration.
10:09:49.109 [main] DEBUG org.springframework.test.context.support.ActiveProfilesUtils - Could not find an 'annotation declaring class' for annotation type [org.springframework.test.context.ActiveProfiles] and class [com.cognizant.pharmacysupply.controller.PharmacySupplyControllerTest]
10:09:49.516 [main] DEBUG org.springframework.context.annotation.ClassPathScanningCandidateComponentProvider - Identified candidate component class: file [C:\Users\Meghna\OneDrive\Desktop\MFPE-POD5\Pharmacy-Medicine-Supply-Microservice\target\classes\com\cognizant\pharmacysupply\PharmacySupplyApplication.class]
10:09:49.523 [main] INFO org.springframework.boot.test.context.SpringBootTestContextBootstrapper - Found @SpringBootConfiguration com.cognizant.pharmacysupply.PharmacySupplyApplication for test class com.cognizant.pharmacysupply.controller.PharmacySupplyControllerTest
10:09:49.984 [main] DEBUG org.springframework.boot.test.context.SpringBootTestContextBootstrapper - @TestExecutionListeners is not present for class [com.cognizant.pharmacysupply.controller.PharmacySupplyControllerTest]: using defaults.
10:09:49.986 [main] INFO org.springframework.boot.test.context.SpringBootTestContextBootstrapper - Loaded default TestExecutionListener class names from location [META-INF/spring.factories]: [org.springframework.boot.test.mock.mockito.MockitoTestExecutionListener, org.springframework.boot.test.mock.mockito.ResetMocksTestExecutionListener, org.springframework.boot.test.autoconfigure.restdocs.RestDocsTestExecutionListener, org.springframework.boot.test.autoconfigure.web.client.MockRestServiceServerResetTestExecutionListener, org.springframework.boot.test.autoconfigure.web.servlet.MockMvcPrintOnlyOnFailureTestExecutionListener, org.springframework.boot.test.autoconfigure.web.servlet.WebDriverTestExecutionListener, org.springframework.boot.test.autoconfigure.webservices.client.MockWebServiceServerTestExecutionListener, org.springframework.test.context.web.ServletTestExecutionListener, org.springframework.test.context.support.DirtiesContextBeforeModesTestExecutionListener, org.springframework.test.context.support.DependencyInjectionTestExecutionListener, org.springframework.test.context.support.DirtiesContextTestExecutionListener, org.springframework.test.context.transaction.TransactionalTestExecutionListener, org.springframework.test.context.jdbc.SqlScriptsTestExecutionListener, org.springframework.test.context.event.EventPublishingTestExecutionListener]
10:09:50.052 [main] INFO org.springframework.boot.test.context.SpringBootTestContextBootstrapper - Using TestExecutionListeners: [org.springframework.test.context.web.ServletTestExecutionListener@2d778add, org.springframework.test.context.support.DirtiesContextBeforeModesTestExecutionListener@73302995, org.springframework.boot.test.mock.mockito.MockitoTestExecutionListener@1838ccb8, org.springframework.boot.test.autoconfigure.SpringBootDependencyInjectionTestExecutionListener@6c2ed0cd, org.springframework.test.context.support.DirtiesContextTestExecutionListener@7d9e8ef7, org.springframework.test.context.transaction.TransactionalTestExecutionListener@f107c50, org.springframework.test.context.jdbc.SqlScriptsTestExecutionListener@51133c06, org.springframework.test.context.event.EventPublishingTestExecutionListener@4b213651, org.springframework.boot.test.mock.mockito.ResetMocksTestExecutionListener@4241e0f4, org.springframework.boot.test.autoconfigure.restdocs.RestDocsTestExecutionListener@4ebff610, org.springframework.boot.test.autoconfigure.web.client.MockRestServiceServerResetTestExecutionListener@60410cd, org.springframework.boot.test.autoconfigure.web.servlet.MockMvcPrintOnlyOnFailureTestExecutionListener@44d52de2, org.springframework.boot.test.autoconfigure.web.servlet.WebDriverTestExecutionListener@95e33cc, org.springframework.boot.test.autoconfigure.webservices.client.MockWebServiceServerTestExecutionListener@38604b81]
10:09:50.070 [main] DEBUG org.springframework.test.annotation.ProfileValueUtils - Retrieved @ProfileValueSourceConfiguration [null] for test class [com.cognizant.pharmacysupply.controller.PharmacySupplyControllerTest]
10:09:50.075 [main] DEBUG org.springframework.test.annotation.ProfileValueUtils - Retrieved ProfileValueSource type [class org.springframework.test.annotation.SystemProfileValueSource] for class [com.cognizant.pharmacysupply.controller.PharmacySupplyControllerTest]
10:09:50.083 [main] DEBUG org.springframework.test.annotation.ProfileValueUtils - Retrieved @ProfileValueSourceConfiguration [null] for test class [com.cognizant.pharmacysupply.controller.PharmacySupplyControllerTest]
10:09:50.083 [main] DEBUG org.springframework.test.annotation.ProfileValueUtils - Retrieved ProfileValueSource type [class org.springframework.test.annotation.SystemProfileValueSource] for class [com.cognizant.pharmacysupply.controller.PharmacySupplyControllerTest]
10:09:50.102 [main] DEBUG org.springframework.test.annotation.ProfileValueUtils - Retrieved @ProfileValueSourceConfiguration [null] for test class [com.cognizant.pharmacysupply.controller.PharmacySupplyControllerTest]
10:09:50.102 [main] DEBUG org.springframework.test.annotation.ProfileValueUtils - Retrieved ProfileValueSource type [class org.springframework.test.annotation.SystemProfileValueSource] for class [com.cognizant.pharmacysupply.controller.PharmacySupplyControllerTest]
10:09:50.242 [main] DEBUG org.springframework.test.context.junit4.SpringJUnit4ClassRunner - SpringJUnit4ClassRunner constructor called with [class com.cognizant.pharmacysupply.exception.MedicineNotFoundExceptionTest]
10:09:50.244 [main] DEBUG org.springframework.test.context.BootstrapUtils - Instantiating CacheAwareContextLoaderDelegate from class [org.springframework.test.context.cache.DefaultCacheAwareContextLoaderDelegate]
10:09:50.253 [main] DEBUG org.springframework.test.context.BootstrapUtils - Instantiating BootstrapContext using constructor [public org.springframework.test.context.support.DefaultBootstrapContext(java.lang.Class,org.springframework.test.context.CacheAwareContextLoaderDelegate)]
10:09:50.255 [main] DEBUG org.springframework.test.context.BootstrapUtils - Instantiating TestContextBootstrapper for test class [com.cognizant.pharmacysupply.exception.MedicineNotFoundExceptionTest] from class [org.springframework.boot.test.context.SpringBootTestContextBootstrapper]
10:09:50.259 [main] INFO org.springframework.boot.test.context.SpringBootTestContextBootstrapper - Neither @ContextConfiguration nor @ContextHierarchy found for test class [com.cognizant.pharmacysupply.exception.MedicineNotFoundExceptionTest], using SpringBootContextLoader
10:09:50.262 [main] DEBUG org.springframework.test.context.support.AbstractContextLoader - Did not detect default resource location for test class [com.cognizant.pharmacysupply.exception.MedicineNotFoundExceptionTest]: class path resource [com/cognizant/pharmacysupply/exception/MedicineNotFoundExceptionTest-context.xml] does not exist
10:09:50.265 [main] DEBUG org.springframework.test.context.support.AbstractContextLoader - Did not detect default resource location for test class [com.cognizant.pharmacysupply.exception.MedicineNotFoundExceptionTest]: class path resource [com/cognizant/pharmacysupply/exception/MedicineNotFoundExceptionTestContext.groovy] does not exist
10:09:50.267 [main] INFO org.springframework.test.context.support.AbstractContextLoader - Could not detect default resource locations for test class [com.cognizant.pharmacysupply.exception.MedicineNotFoundExceptionTest]: no resource found for suffixes {-context.xml, Context.groovy}.
10:09:50.267 [main] INFO org.springframework.test.context.support.AnnotationConfigContextLoaderUtils - Could not detect default configuration classes for test class [com.cognizant.pharmacysupply.exception.MedicineNotFoundExceptionTest]: MedicineNotFoundExceptionTest does not declare any static, non-private, non-final, nested classes annotated with @Configuration.
10:09:50.273 [main] DEBUG org.springframework.test.context.support.ActiveProfilesUtils - Could not find an 'annotation declaring class' for annotation type [org.springframework.test.context.ActiveProfiles] and class [com.cognizant.pharmacysupply.exception.MedicineNotFoundExceptionTest]
10:09:50.324 [main] DEBUG org.springframework.context.annotation.ClassPathScanningCandidateComponentProvider - Identified candidate component class: file [C:\Users\Meghna\OneDrive\Desktop\MFPE-POD5\Pharmacy-Medicine-Supply-Microservice\target\classes\com\cognizant\pharmacysupply\PharmacySupplyApplication.class]
10:09:50.389 [main] INFO org.springframework.boot.test.context.SpringBootTestContextBootstrapper - Found @SpringBootConfiguration com.cognizant.pharmacysupply.PharmacySupplyApplication for test class com.cognizant.pharmacysupply.exception.MedicineNotFoundExceptionTest
10:09:50.396 [main] DEBUG org.springframework.boot.test.context.SpringBootTestContextBootstrapper - @TestExecutionListeners is not present for class [com.cognizant.pharmacysupply.exception.MedicineNotFoundExceptionTest]: using defaults.
10:09:50.397 [main] INFO org.springframework.boot.test.context.SpringBootTestContextBootstrapper - Loaded default TestExecutionListener class names from location [META-INF/spring.factories]: [org.springframework.boot.test.mock.mockito.MockitoTestExecutionListener, org.springframework.boot.test.mock.mockito.ResetMocksTestExecutionListener, org.springframework.boot.test.autoconfigure.restdocs.RestDocsTestExecutionListener, org.springframework.boot.test.autoconfigure.web.client.MockRestServiceServerResetTestExecutionListener, org.springframework.boot.test.autoconfigure.web.servlet.MockMvcPrintOnlyOnFailureTestExecutionListener, org.springframework.boot.test.autoconfigure.web.servlet.WebDriverTestExecutionListener, org.springframework.boot.test.autoconfigure.webservices.client.MockWebServiceServerTestExecutionListener, org.springframework.test.context.web.ServletTestExecutionListener, org.springframework.test.context.support.DirtiesContextBeforeModesTestExecutionListener, org.springframework.test.context.support.DependencyInjectionTestExecutionListener, org.springframework.test.context.support.DirtiesContextTestExecutionListener, org.springframework.test.context.transaction.TransactionalTestExecutionListener, org.springframework.test.context.jdbc.SqlScriptsTestExecutionListener, org.springframework.test.context.event.EventPublishingTestExecutionListener]
10:09:50.399 [main] INFO org.springframework.boot.test.context.SpringBootTestContextBootstrapper - Using TestExecutionListeners: [org.springframework.test.context.web.ServletTestExecutionListener@10a9d961, org.springframework.test.context.support.DirtiesContextBeforeModesTestExecutionListener@130e116b, org.springframework.boot.test.mock.mockito.MockitoTestExecutionListener@e383572, org.springframework.boot.test.autoconfigure.SpringBootDependencyInjectionTestExecutionListener@5ddf0d24, org.springframework.test.context.support.DirtiesContextTestExecutionListener@363a52f, org.springframework.test.context.transaction.TransactionalTestExecutionListener@60856961, org.springframework.test.context.jdbc.SqlScriptsTestExecutionListener@2fd953a6, org.springframework.test.context.event.EventPublishingTestExecutionListener@a4add54, org.springframework.boot.test.mock.mockito.ResetMocksTestExecutionListener@141e5bef, org.springframework.boot.test.autoconfigure.restdocs.RestDocsTestExecutionListener@5f9be66c, org.springframework.boot.test.autoconfigure.web.client.MockRestServiceServerResetTestExecutionListener@3abada5a, org.springframework.boot.test.autoconfigure.web.servlet.MockMvcPrintOnlyOnFailureTestExecutionListener@66c61024, org.springframework.boot.test.autoconfigure.web.servlet.WebDriverTestExecutionListener@61fe30, org.springframework.boot.test.autoconfigure.webservices.client.MockWebServiceServerTestExecutionListener@c9d0d6]
10:09:50.400 [main] DEBUG org.springframework.test.annotation.ProfileValueUtils - Retrieved @ProfileValueSourceConfiguration [null] for test class [com.cognizant.pharmacysupply.exception.MedicineNotFoundExceptionTest]
10:09:50.401 [main] DEBUG org.springframework.test.annotation.ProfileValueUtils - Retrieved ProfileValueSource type [class org.springframework.test.annotation.SystemProfileValueSource] for class [com.cognizant.pharmacysupply.exception.MedicineNotFoundExceptionTest]
10:09:50.403 [main] DEBUG org.springframework.test.annotation.ProfileValueUtils - Retrieved @ProfileValueSourceConfiguration [null] for test class [com.cognizant.pharmacysupply.exception.MedicineNotFoundExceptionTest]
10:09:50.404 [main] DEBUG org.springframework.test.annotation.ProfileValueUtils - Retrieved ProfileValueSource type [class org.springframework.test.annotation.SystemProfileValueSource] for class [com.cognizant.pharmacysupply.exception.MedicineNotFoundExceptionTest]
10:09:50.404 [main] DEBUG org.springframework.test.annotation.ProfileValueUtils - Retrieved @ProfileValueSourceConfiguration [null] for test class [com.cognizant.pharmacysupply.exception.MedicineNotFoundExceptionTest]
10:09:50.405 [main] DEBUG org.springframework.test.annotation.ProfileValueUtils - Retrieved ProfileValueSource type [class org.springframework.test.annotation.SystemProfileValueSource] for class [com.cognizant.pharmacysupply.exception.MedicineNotFoundExceptionTest]
10:09:50.429 [main] DEBUG org.springframework.test.context.junit4.SpringJUnit4ClassRunner - SpringJUnit4ClassRunner constructor called with [class com.cognizant.pharmacysupply.exception.TokenValidationFailedExceptionTest]
10:09:50.431 [main] DEBUG org.springframework.test.context.BootstrapUtils - Instantiating CacheAwareContextLoaderDelegate from class [org.springframework.test.context.cache.DefaultCacheAwareContextLoaderDelegate]
10:09:50.433 [main] DEBUG org.springframework.test.context.BootstrapUtils - Instantiating BootstrapContext using constructor [public org.springframework.test.context.support.DefaultBootstrapContext(java.lang.Class,org.springframework.test.context.CacheAwareContextLoaderDelegate)]
10:09:50.434 [main] DEBUG org.springframework.test.context.BootstrapUtils - Instantiating TestContextBootstrapper for test class [com.cognizant.pharmacysupply.exception.TokenValidationFailedExceptionTest] from class [org.springframework.boot.test.context.SpringBootTestContextBootstrapper]
10:09:50.435 [main] INFO org.springframework.boot.test.context.SpringBootTestContextBootstrapper - Neither @ContextConfiguration nor @ContextHierarchy found for test class [com.cognizant.pharmacysupply.exception.TokenValidationFailedExceptionTest], using SpringBootContextLoader
10:09:50.439 [main] DEBUG org.springframework.test.context.support.AbstractContextLoader - Did not detect default resource location for test class [com.cognizant.pharmacysupply.exception.TokenValidationFailedExceptionTest]: class path resource [com/cognizant/pharmacysupply/exception/TokenValidationFailedExceptionTest-context.xml] does not exist
10:09:50.440 [main] DEBUG org.springframework.test.context.support.AbstractContextLoader - Did not detect default resource location for test class [com.cognizant.pharmacysupply.exception.TokenValidationFailedExceptionTest]: class path resource [com/cognizant/pharmacysupply/exception/TokenValidationFailedExceptionTestContext.groovy] does not exist
10:09:50.441 [main] INFO org.springframework.test.context.support.AbstractContextLoader - Could not detect default resource locations for test class [com.cognizant.pharmacysupply.exception.TokenValidationFailedExceptionTest]: no resource found for suffixes {-context.xml, Context.groovy}.
10:09:50.442 [main] INFO org.springframework.test.context.support.AnnotationConfigContextLoaderUtils - Could not detect default configuration classes for test class [com.cognizant.pharmacysupply.exception.TokenValidationFailedExceptionTest]: TokenValidationFailedExceptionTest does not declare any static, non-private, non-final, nested classes annotated with @Configuration.
10:09:50.451 [main] DEBUG org.springframework.test.context.support.ActiveProfilesUtils - Could not find an 'annotation declaring class' for annotation type [org.springframework.test.context.ActiveProfiles] and class [com.cognizant.pharmacysupply.exception.TokenValidationFailedExceptionTest]
10:09:50.452 [main] INFO org.springframework.boot.test.context.SpringBootTestContextBootstrapper - Found @SpringBootConfiguration com.cognizant.pharmacysupply.PharmacySupplyApplication for test class com.cognizant.pharmacysupply.exception.TokenValidationFailedExceptionTest
10:09:50.460 [main] DEBUG org.springframework.boot.test.context.SpringBootTestContextBootstrapper - @TestExecutionListeners is not present for class [com.cognizant.pharmacysupply.exception.TokenValidationFailedExceptionTest]: using defaults.
10:09:50.461 [main] INFO org.springframework.boot.test.context.SpringBootTestContextBootstrapper - Loaded default TestExecutionListener class names from location [META-INF/spring.factories]: [org.springframework.boot.test.mock.mockito.MockitoTestExecutionListener, org.springframework.boot.test.mock.mockito.ResetMocksTestExecutionListener, org.springframework.boot.test.autoconfigure.restdocs.RestDocsTestExecutionListener, org.springframework.boot.test.autoconfigure.web.client.MockRestServiceServerResetTestExecutionListener, org.springframework.boot.test.autoconfigure.web.servlet.MockMvcPrintOnlyOnFailureTestExecutionListener, org.springframework.boot.test.autoconfigure.web.servlet.WebDriverTestExecutionListener, org.springframework.boot.test.autoconfigure.webservices.client.MockWebServiceServerTestExecutionListener, org.springframework.test.context.web.ServletTestExecutionListener, org.springframework.test.context.support.DirtiesContextBeforeModesTestExecutionListener, org.springframework.test.context.support.DependencyInjectionTestExecutionListener, org.springframework.test.context.support.DirtiesContextTestExecutionListener, org.springframework.test.context.transaction.TransactionalTestExecutionListener, org.springframework.test.context.jdbc.SqlScriptsTestExecutionListener, org.springframework.test.context.event.EventPublishingTestExecutionListener]
10:09:50.464 [main] INFO org.springframework.boot.test.context.SpringBootTestContextBootstrapper - Using TestExecutionListeners: [org.springframework.test.context.web.ServletTestExecutionListener@a3d9978, org.springframework.test.context.support.DirtiesContextBeforeModesTestExecutionListener@61544ae6, org.springframework.boot.test.mock.mockito.MockitoTestExecutionListener@4b41dd5c, org.springframework.boot.test.autoconfigure.SpringBootDependencyInjectionTestExecutionListener@3b96c42e, org.springframework.test.context.support.DirtiesContextTestExecutionListener@5d066c7d, org.springframework.test.context.transaction.TransactionalTestExecutionListener@1e461e41, org.springframework.test.context.jdbc.SqlScriptsTestExecutionListener@5ba88be8, org.springframework.test.context.event.EventPublishingTestExecutionListener@56928307, org.springframework.boot.test.mock.mockito.ResetMocksTestExecutionListener@3899782c, org.springframework.boot.test.autoconfigure.restdocs.RestDocsTestExecutionListener@1603cd68, org.springframework.boot.test.autoconfigure.web.client.MockRestServiceServerResetTestExecutionListener@9ebe38b, org.springframework.boot.test.autoconfigure.web.servlet.MockMvcPrintOnlyOnFailureTestExecutionListener@4b23c30a, org.springframework.boot.test.autoconfigure.web.servlet.WebDriverTestExecutionListener@38089a5a, org.springframework.boot.test.autoconfigure.webservices.client.MockWebServiceServerTestExecutionListener@30e868be]
10:09:50.465 [main] DEBUG org.springframework.test.annotation.ProfileValueUtils - Retrieved @ProfileValueSourceConfiguration [null] for test class [com.cognizant.pharmacysupply.exception.TokenValidationFailedExceptionTest]
10:09:50.465 [main] DEBUG org.springframework.test.annotation.ProfileValueUtils - Retrieved ProfileValueSource type [class org.springframework.test.annotation.SystemProfileValueSource] for class [com.cognizant.pharmacysupply.exception.TokenValidationFailedExceptionTest]
10:09:50.475 [main] DEBUG org.springframework.test.annotation.ProfileValueUtils - Retrieved @ProfileValueSourceConfiguration [null] for test class [com.cognizant.pharmacysupply.exception.TokenValidationFailedExceptionTest]
10:09:50.475 [main] DEBUG org.springframework.test.annotation.ProfileValueUtils - Retrieved ProfileValueSource type [class org.springframework.test.annotation.SystemProfileValueSource] for class [com.cognizant.pharmacysupply.exception.TokenValidationFailedExceptionTest]
10:09:50.477 [main] DEBUG org.springframework.test.annotation.ProfileValueUtils - Retrieved @ProfileValueSourceConfiguration [null] for test class [com.cognizant.pharmacysupply.exception.TokenValidationFailedExceptionTest]
10:09:50.478 [main] DEBUG org.springframework.test.annotation.ProfileValueUtils - Retrieved ProfileValueSource type [class org.springframework.test.annotation.SystemProfileValueSource] for class [com.cognizant.pharmacysupply.exception.TokenValidationFailedExceptionTest]
10:09:50.571 [main] DEBUG org.springframework.test.context.junit4.SpringJUnit4ClassRunner - SpringJUnit4ClassRunner constructor called with [class com.cognizant.pharmacysupply.model.ErrorResponseTest]
10:09:50.574 [main] DEBUG org.springframework.test.context.BootstrapUtils - Instantiating CacheAwareContextLoaderDelegate from class [org.springframework.test.context.cache.DefaultCacheAwareContextLoaderDelegate]
10:09:50.576 [main] DEBUG org.springframework.test.context.BootstrapUtils - Instantiating BootstrapContext using constructor [public org.springframework.test.context.support.DefaultBootstrapContext(java.lang.Class,org.springframework.test.context.CacheAwareContextLoaderDelegate)]
10:09:50.578 [main] DEBUG org.springframework.test.context.BootstrapUtils - Instantiating TestContextBootstrapper for test class [com.cognizant.pharmacysupply.model.ErrorResponseTest] from class [org.springframework.boot.test.context.SpringBootTestContextBootstrapper]
10:09:50.582 [main] INFO org.springframework.boot.test.context.SpringBootTestContextBootstrapper - Neither @ContextConfiguration nor @ContextHierarchy found for test class [com.cognizant.pharmacysupply.model.ErrorResponseTest], using SpringBootContextLoader
10:09:50.585 [main] DEBUG org.springframework.test.context.support.AbstractContextLoader - Did not detect default resource location for test class [com.cognizant.pharmacysupply.model.ErrorResponseTest]: class path resource [com/cognizant/pharmacysupply/model/ErrorResponseTest-context.xml] does not exist
10:09:50.589 [main] DEBUG org.springframework.test.context.support.AbstractContextLoader - Did not detect default resource location for test class [com.cognizant.pharmacysupply.model.ErrorResponseTest]: class path resource [com/cognizant/pharmacysupply/model/ErrorResponseTestContext.groovy] does not exist
10:09:50.590 [main] INFO org.springframework.test.context.support.AbstractContextLoader - Could not detect default resource locations for test class [com.cognizant.pharmacysupply.model.ErrorResponseTest]: no resource found for suffixes {-context.xml, Context.groovy}.
10:09:50.624 [main] INFO org.springframework.test.context.support.AnnotationConfigContextLoaderUtils - Could not detect default configuration classes for test class [com.cognizant.pharmacysupply.model.ErrorResponseTest]: ErrorResponseTest does not declare any static, non-private, non-final, nested classes annotated with @Configuration.
10:09:50.635 [main] DEBUG org.springframework.test.context.support.ActiveProfilesUtils - Could not find an 'annotation declaring class' for annotation type [org.springframework.test.context.ActiveProfiles] and class [com.cognizant.pharmacysupply.model.ErrorResponseTest]
10:09:50.700 [main] DEBUG org.springframework.context.annotation.ClassPathScanningCandidateComponentProvider - Identified candidate component class: file [C:\Users\Meghna\OneDrive\Desktop\MFPE-POD5\Pharmacy-Medicine-Supply-Microservice\target\classes\com\cognizant\pharmacysupply\PharmacySupplyApplication.class]
10:09:50.700 [main] INFO org.springframework.boot.test.context.SpringBootTestContextBootstrapper - Found @SpringBootConfiguration com.cognizant.pharmacysupply.PharmacySupplyApplication for test class com.cognizant.pharmacysupply.model.ErrorResponseTest
10:09:50.706 [main] DEBUG org.springframework.boot.test.context.SpringBootTestContextBootstrapper - @TestExecutionListeners is not present for class [com.cognizant.pharmacysupply.model.ErrorResponseTest]: using defaults.
10:09:50.707 [main] INFO org.springframework.boot.test.context.SpringBootTestContextBootstrapper - Loaded default TestExecutionListener class names from location [META-INF/spring.factories]: [org.springframework.boot.test.mock.mockito.MockitoTestExecutionListener, org.springframework.boot.test.mock.mockito.ResetMocksTestExecutionListener, org.springframework.boot.test.autoconfigure.restdocs.RestDocsTestExecutionListener, org.springframework.boot.test.autoconfigure.web.client.MockRestServiceServerResetTestExecutionListener, org.springframework.boot.test.autoconfigure.web.servlet.MockMvcPrintOnlyOnFailureTestExecutionListener, org.springframework.boot.test.autoconfigure.web.servlet.WebDriverTestExecutionListener, org.springframework.boot.test.autoconfigure.webservices.client.MockWebServiceServerTestExecutionListener, org.springframework.test.context.web.ServletTestExecutionListener, org.springframework.test.context.support.DirtiesContextBeforeModesTestExecutionListener, org.springframework.test.context.support.DependencyInjectionTestExecutionListener, org.springframework.test.context.support.DirtiesContextTestExecutionListener, org.springframework.test.context.transaction.TransactionalTestExecutionListener, org.springframework.test.context.jdbc.SqlScriptsTestExecutionListener, org.springframework.test.context.event.EventPublishingTestExecutionListener]
10:09:50.731 [main] INFO org.springframework.boot.test.context.SpringBootTestContextBootstrapper - Using TestExecutionListeners: [org.springframework.test.context.web.ServletTestExecutionListener@7f0d96f2, org.springframework.test.context.support.DirtiesContextBeforeModesTestExecutionListener@545b995e, org.springframework.boot.test.mock.mockito.MockitoTestExecutionListener@76a2ddf3, org.springframework.boot.test.autoconfigure.SpringBootDependencyInjectionTestExecutionListener@524f3b3a, org.springframework.test.context.support.DirtiesContextTestExecutionListener@41e68d87, org.springframework.test.context.transaction.TransactionalTestExecutionListener@49ff7d8c, org.springframework.test.context.jdbc.SqlScriptsTestExecutionListener@29526c05, org.springframework.test.context.event.EventPublishingTestExecutionListener@2ef14fe, org.springframework.boot.test.mock.mockito.ResetMocksTestExecutionListener@77102b91, org.springframework.boot.test.autoconfigure.restdocs.RestDocsTestExecutionListener@45312be2, org.springframework.boot.test.autoconfigure.web.client.MockRestServiceServerResetTestExecutionListener@7fb95505, org.springframework.boot.test.autoconfigure.web.servlet.MockMvcPrintOnlyOnFailureTestExecutionListener@58be6e8, org.springframework.boot.test.autoconfigure.web.servlet.WebDriverTestExecutionListener@7331196b, org.springframework.boot.test.autoconfigure.webservices.client.MockWebServiceServerTestExecutionListener@3f9342d4]
10:09:50.732 [main] DEBUG org.springframework.test.annotation.ProfileValueUtils - Retrieved @ProfileValueSourceConfiguration [null] for test class [com.cognizant.pharmacysupply.model.ErrorResponseTest]
10:09:50.732 [main] DEBUG org.springframework.test.annotation.ProfileValueUtils - Retrieved ProfileValueSource type [class org.springframework.test.annotation.SystemProfileValueSource] for class [com.cognizant.pharmacysupply.model.ErrorResponseTest]
10:09:50.735 [main] DEBUG org.springframework.test.annotation.ProfileValueUtils - Retrieved @ProfileValueSourceConfiguration [null] for test class [com.cognizant.pharmacysupply.model.ErrorResponseTest]
10:09:50.736 [main] DEBUG org.springframework.test.annotation.ProfileValueUtils - Retrieved ProfileValueSource type [class org.springframework.test.annotation.SystemProfileValueSource] for class [com.cognizant.pharmacysupply.model.ErrorResponseTest]
10:09:50.737 [main] DEBUG org.springframework.test.annotation.ProfileValueUtils - Retrieved @ProfileValueSourceConfiguration [null] for test class [com.cognizant.pharmacysupply.model.ErrorResponseTest]
10:09:50.737 [main] DEBUG org.springframework.test.annotation.ProfileValueUtils - Retrieved ProfileValueSource type [class org.springframework.test.annotation.SystemProfileValueSource] for class [com.cognizant.pharmacysupply.model.ErrorResponseTest]
10:09:50.765 [main] DEBUG org.springframework.test.context.junit4.SpringJUnit4ClassRunner - SpringJUnit4ClassRunner constructor called with [class com.cognizant.pharmacysupply.model.JwtResponseTest]
10:09:50.773 [main] DEBUG org.springframework.test.context.BootstrapUtils - Instantiating CacheAwareContextLoaderDelegate from class [org.springframework.test.context.cache.DefaultCacheAwareContextLoaderDelegate]
10:09:50.774 [main] DEBUG org.springframework.test.context.BootstrapUtils - Instantiating BootstrapContext using constructor [public org.springframework.test.context.support.DefaultBootstrapContext(java.lang.Class,org.springframework.test.context.CacheAwareContextLoaderDelegate)]
10:09:50.777 [main] DEBUG org.springframework.test.context.BootstrapUtils - Instantiating TestContextBootstrapper for test class [com.cognizant.pharmacysupply.model.JwtResponseTest] from class [org.springframework.boot.test.context.SpringBootTestContextBootstrapper]
10:09:50.778 [main] INFO org.springframework.boot.test.context.SpringBootTestContextBootstrapper - Neither @ContextConfiguration nor @ContextHierarchy found for test class [com.cognizant.pharmacysupply.model.JwtResponseTest], using SpringBootContextLoader
10:09:50.779 [main] DEBUG org.springframework.test.context.support.AbstractContextLoader - Did not detect default resource location for test class [com.cognizant.pharmacysupply.model.JwtResponseTest]: class path resource [com/cognizant/pharmacysupply/model/JwtResponseTest-context.xml] does not exist
10:09:50.787 [main] DEBUG org.springframework.test.context.support.AbstractContextLoader - Did not detect default resource location for test class [com.cognizant.pharmacysupply.model.JwtResponseTest]: class path resource [com/cognizant/pharmacysupply/model/JwtResponseTestContext.groovy] does not exist
10:09:50.789 [main] INFO org.springframework.test.context.support.AbstractContextLoader - Could not detect default resource locations for test class [com.cognizant.pharmacysupply.model.JwtResponseTest]: no resource found for suffixes {-context.xml, Context.groovy}.
10:09:50.791 [main] INFO org.springframework.test.context.support.AnnotationConfigContextLoaderUtils - Could not detect default configuration classes for test class [com.cognizant.pharmacysupply.model.JwtResponseTest]: JwtResponseTest does not declare any static, non-private, non-final, nested classes annotated with @Configuration.
10:09:50.811 [main] DEBUG org.springframework.test.context.support.ActiveProfilesUtils - Could not find an 'annotation declaring class' for annotation type [org.springframework.test.context.ActiveProfiles] and class [com.cognizant.pharmacysupply.model.JwtResponseTest]
10:09:50.811 [main] INFO org.springframework.boot.test.context.SpringBootTestContextBootstrapper - Found @SpringBootConfiguration com.cognizant.pharmacysupply.PharmacySupplyApplication for test class com.cognizant.pharmacysupply.model.JwtResponseTest
10:09:50.825 [main] DEBUG org.springframework.boot.test.context.SpringBootTestContextBootstrapper - @TestExecutionListeners is not present for class [com.cognizant.pharmacysupply.model.JwtResponseTest]: using defaults.
10:09:50.825 [main] INFO org.springframework.boot.test.context.SpringBootTestContextBootstrapper - Loaded default TestExecutionListener class names from location [META-INF/spring.factories]: [org.springframework.boot.test.mock.mockito.MockitoTestExecutionListener, org.springframework.boot.test.mock.mockito.ResetMocksTestExecutionListener, org.springframework.boot.test.autoconfigure.restdocs.RestDocsTestExecutionListener, org.springframework.boot.test.autoconfigure.web.client.MockRestServiceServerResetTestExecutionListener, org.springframework.boot.test.autoconfigure.web.servlet.MockMvcPrintOnlyOnFailureTestExecutionListener, org.springframework.boot.test.autoconfigure.web.servlet.WebDriverTestExecutionListener, org.springframework.boot.test.autoconfigure.webservices.client.MockWebServiceServerTestExecutionListener, org.springframework.test.context.web.ServletTestExecutionListener, org.springframework.test.context.support.DirtiesContextBeforeModesTestExecutionListener, org.springframework.test.context.support.DependencyInjectionTestExecutionListener, org.springframework.test.context.support.DirtiesContextTestExecutionListener, org.springframework.test.context.transaction.TransactionalTestExecutionListener, org.springframework.test.context.jdbc.SqlScriptsTestExecutionListener, org.springframework.test.context.event.EventPublishingTestExecutionListener]
10:09:50.828 [main] INFO org.springframework.boot.test.context.SpringBootTestContextBootstrapper - Using TestExecutionListeners: [org.springframework.test.context.web.ServletTestExecutionListener@31c7528f, org.springframework.test.context.support.DirtiesContextBeforeModesTestExecutionListener@2b76ff4e, org.springframework.boot.test.mock.mockito.MockitoTestExecutionListener@7a1234bf, org.springframework.boot.test.autoconfigure.SpringBootDependencyInjectionTestExecutionListener@2f62ea70, org.springframework.test.context.support.DirtiesContextTestExecutionListener@24ba9639, org.springframework.test.context.transaction.TransactionalTestExecutionListener@38aa816f, org.springframework.test.context.jdbc.SqlScriptsTestExecutionListener@53f6fd09, org.springframework.test.context.event.EventPublishingTestExecutionListener@6bffbc6d, org.springframework.boot.test.mock.mockito.ResetMocksTestExecutionListener@1b84f475, org.springframework.boot.test.autoconfigure.restdocs.RestDocsTestExecutionListener@7749bf93, org.springframework.boot.test.autoconfigure.web.client.MockRestServiceServerResetTestExecutionListener@13330ac6, org.springframework.boot.test.autoconfigure.web.servlet.MockMvcPrintOnlyOnFailureTestExecutionListener@539d019, org.springframework.boot.test.autoconfigure.web.servlet.WebDriverTestExecutionListener@39a2bb97, org.springframework.boot.test.autoconfigure.webservices.client.MockWebServiceServerTestExecutionListener@3ad2e17]
10:09:50.835 [main] DEBUG org.springframework.test.annotation.ProfileValueUtils - Retrieved @ProfileValueSourceConfiguration [null] for test class [com.cognizant.pharmacysupply.model.JwtResponseTest]
10:09:50.836 [main] DEBUG org.springframework.test.annotation.ProfileValueUtils - Retrieved ProfileValueSource type [class org.springframework.test.annotation.SystemProfileValueSource] for class [com.cognizant.pharmacysupply.model.JwtResponseTest]
10:09:50.837 [main] DEBUG org.springframework.test.annotation.ProfileValueUtils - Retrieved @ProfileValueSourceConfiguration [null] for test class [com.cognizant.pharmacysupply.model.JwtResponseTest]
10:09:50.838 [main] DEBUG org.springframework.test.annotation.ProfileValueUtils - Retrieved ProfileValueSource type [class org.springframework.test.annotation.SystemProfileValueSource] for class [com.cognizant.pharmacysupply.model.JwtResponseTest]
10:09:50.839 [main] DEBUG org.springframework.test.annotation.ProfileValueUtils - Retrieved @ProfileValueSourceConfiguration [null] for test class [com.cognizant.pharmacysupply.model.JwtResponseTest]
10:09:50.839 [main] DEBUG org.springframework.test.annotation.ProfileValueUtils - Retrieved ProfileValueSource type [class org.springframework.test.annotation.SystemProfileValueSource] for class [com.cognizant.pharmacysupply.model.JwtResponseTest]
10:09:50.851 [main] DEBUG org.springframework.test.context.junit4.SpringJUnit4ClassRunner - SpringJUnit4ClassRunner constructor called with [class com.cognizant.pharmacysupply.model.MedicineDemandTest]
10:09:50.852 [main] DEBUG org.springframework.test.context.BootstrapUtils - Instantiating CacheAwareContextLoaderDelegate from class [org.springframework.test.context.cache.DefaultCacheAwareContextLoaderDelegate]
10:09:50.852 [main] DEBUG org.springframework.test.context.BootstrapUtils - Instantiating BootstrapContext using constructor [public org.springframework.test.context.support.DefaultBootstrapContext(java.lang.Class,org.springframework.test.context.CacheAwareContextLoaderDelegate)]
10:09:50.853 [main] DEBUG org.springframework.test.context.BootstrapUtils - Instantiating TestContextBootstrapper for test class [com.cognizant.pharmacysupply.model.MedicineDemandTest] from class [org.springframework.boot.test.context.SpringBootTestContextBootstrapper]
10:09:50.856 [main] INFO org.springframework.boot.test.context.SpringBootTestContextBootstrapper - Neither @ContextConfiguration nor @ContextHierarchy found for test class [com.cognizant.pharmacysupply.model.MedicineDemandTest], using SpringBootContextLoader
10:09:50.857 [main] DEBUG org.springframework.test.context.support.AbstractContextLoader - Did not detect default resource location for test class [com.cognizant.pharmacysupply.model.MedicineDemandTest]: class path resource [com/cognizant/pharmacysupply/model/MedicineDemandTest-context.xml] does not exist
10:09:50.858 [main] DEBUG org.springframework.test.context.support.AbstractContextLoader - Did not detect default resource location for test class [com.cognizant.pharmacysupply.model.MedicineDemandTest]: class path resource [com/cognizant/pharmacysupply/model/MedicineDemandTestContext.groovy] does not exist
10:09:50.859 [main] INFO org.springframework.test.context.support.AbstractContextLoader - Could not detect default resource locations for test class [com.cognizant.pharmacysupply.model.MedicineDemandTest]: no resource found for suffixes {-context.xml, Context.groovy}.
10:09:50.860 [main] INFO org.springframework.test.context.support.AnnotationConfigContextLoaderUtils - Could not detect default configuration classes for test class [com.cognizant.pharmacysupply.model.MedicineDemandTest]: MedicineDemandTest does not declare any static, non-private, non-final, nested classes annotated with @Configuration.
10:09:50.867 [main] DEBUG org.springframework.test.context.support.ActiveProfilesUtils - Could not find an 'annotation declaring class' for annotation type [org.springframework.test.context.ActiveProfiles] and class [com.cognizant.pharmacysupply.model.MedicineDemandTest]
10:09:50.868 [main] INFO org.springframework.boot.test.context.SpringBootTestContextBootstrapper - Found @SpringBootConfiguration com.cognizant.pharmacysupply.PharmacySupplyApplication for test class com.cognizant.pharmacysupply.model.MedicineDemandTest
10:09:50.879 [main] DEBUG org.springframework.boot.test.context.SpringBootTestContextBootstrapper - @TestExecutionListeners is not present for class [com.cognizant.pharmacysupply.model.MedicineDemandTest]: using defaults.
10:09:50.882 [main] INFO org.springframework.boot.test.context.SpringBootTestContextBootstrapper - Loaded default TestExecutionListener class names from location [META-INF/spring.factories]: [org.springframework.boot.test.mock.mockito.MockitoTestExecutionListener, org.springframework.boot.test.mock.mockito.ResetMocksTestExecutionListener, org.springframework.boot.test.autoconfigure.restdocs.RestDocsTestExecutionListener, org.springframework.boot.test.autoconfigure.web.client.MockRestServiceServerResetTestExecutionListener, org.springframework.boot.test.autoconfigure.web.servlet.MockMvcPrintOnlyOnFailureTestExecutionListener, org.springframework.boot.test.autoconfigure.web.servlet.WebDriverTestExecutionListener, org.springframework.boot.test.autoconfigure.webservices.client.MockWebServiceServerTestExecutionListener, org.springframework.test.context.web.ServletTestExecutionListener, org.springframework.test.context.support.DirtiesContextBeforeModesTestExecutionListener, org.springframework.test.context.support.DependencyInjectionTestExecutionListener, org.springframework.test.context.support.DirtiesContextTestExecutionListener, org.springframework.test.context.transaction.TransactionalTestExecutionListener, org.springframework.test.context.jdbc.SqlScriptsTestExecutionListener, org.springframework.test.context.event.EventPublishingTestExecutionListener]
10:09:50.883 [main] INFO org.springframework.boot.test.context.SpringBootTestContextBootstrapper - Using TestExecutionListeners: [org.springframework.test.context.web.ServletTestExecutionListener@29ca3d04, org.springframework.test.context.support.DirtiesContextBeforeModesTestExecutionListener@b2c5e07, org.springframework.boot.test.mock.mockito.MockitoTestExecutionListener@5812f68b, org.springframework.boot.test.autoconfigure.SpringBootDependencyInjectionTestExecutionListener@4426bff1, org.springframework.test.context.support.DirtiesContextTestExecutionListener@3c7c886c, org.springframework.test.context.transaction.TransactionalTestExecutionListener@55493582, org.springframework.test.context.jdbc.SqlScriptsTestExecutionListener@1a20270e, org.springframework.test.context.event.EventPublishingTestExecutionListener@6b88ca8c, org.springframework.boot.test.mock.mockito.ResetMocksTestExecutionListener@336f1079, org.springframework.boot.test.autoconfigure.restdocs.RestDocsTestExecutionListener@2f16c6b3, org.springframework.boot.test.autoconfigure.web.client.MockRestServiceServerResetTestExecutionListener@34158c08, org.springframework.boot.test.autoconfigure.web.servlet.MockMvcPrintOnlyOnFailureTestExecutionListener@19e4fcac, org.springframework.boot.test.autoconfigure.web.servlet.WebDriverTestExecutionListener@52c3cb31, org.springframework.boot.test.autoconfigure.webservices.client.MockWebServiceServerTestExecutionListener@4b79ac84]
10:09:50.883 [main] DEBUG org.springframework.test.annotation.ProfileValueUtils - Retrieved @ProfileValueSourceConfiguration [null] for test class [com.cognizant.pharmacysupply.model.MedicineDemandTest]
10:09:50.884 [main] DEBUG org.springframework.test.annotation.ProfileValueUtils - Retrieved ProfileValueSource type [class org.springframework.test.annotation.SystemProfileValueSource] for class [com.cognizant.pharmacysupply.model.MedicineDemandTest]
10:09:50.888 [main] DEBUG org.springframework.test.annotation.ProfileValueUtils - Retrieved @ProfileValueSourceConfiguration [null] for test class [com.cognizant.pharmacysupply.model.MedicineDemandTest]
10:09:50.889 [main] DEBUG org.springframework.test.annotation.ProfileValueUtils - Retrieved ProfileValueSource type [class org.springframework.test.annotation.SystemProfileValueSource] for class [com.cognizant.pharmacysupply.model.MedicineDemandTest]
10:09:50.889 [main] DEBUG org.springframework.test.annotation.ProfileValueUtils - Retrieved @ProfileValueSourceConfiguration [null] for test class [com.cognizant.pharmacysupply.model.MedicineDemandTest]
10:09:50.889 [main] DEBUG org.springframework.test.annotation.ProfileValueUtils - Retrieved ProfileValueSource type [class org.springframework.test.annotation.SystemProfileValueSource] for class [com.cognizant.pharmacysupply.model.MedicineDemandTest]
10:09:50.899 [main] DEBUG org.springframework.test.context.junit4.SpringJUnit4ClassRunner - SpringJUnit4ClassRunner constructor called with [class com.cognizant.pharmacysupply.model.MedicineStockTest]
10:09:50.900 [main] DEBUG org.springframework.test.context.BootstrapUtils - Instantiating CacheAwareContextLoaderDelegate from class [org.springframework.test.context.cache.DefaultCacheAwareContextLoaderDelegate]
10:09:50.900 [main] DEBUG org.springframework.test.context.BootstrapUtils - Instantiating BootstrapContext using constructor [public org.springframework.test.context.support.DefaultBootstrapContext(java.lang.Class,org.springframework.test.context.CacheAwareContextLoaderDelegate)]
10:09:50.901 [main] DEBUG org.springframework.test.context.BootstrapUtils - Instantiating TestContextBootstrapper for test class [com.cognizant.pharmacysupply.model.MedicineStockTest] from class [org.springframework.boot.test.context.SpringBootTestContextBootstrapper]
10:09:50.902 [main] INFO org.springframework.boot.test.context.SpringBootTestContextBootstrapper - Neither @ContextConfiguration nor @ContextHierarchy found for test class [com.cognizant.pharmacysupply.model.MedicineStockTest], using SpringBootContextLoader
10:09:50.904 [main] DEBUG org.springframework.test.context.support.AbstractContextLoader - Did not detect default resource location for test class [com.cognizant.pharmacysupply.model.MedicineStockTest]: class path resource [com/cognizant/pharmacysupply/model/MedicineStockTest-context.xml] does not exist
10:09:50.905 [main] DEBUG org.springframework.test.context.support.AbstractContextLoader - Did not detect default resource location for test class [com.cognizant.pharmacysupply.model.MedicineStockTest]: class path resource [com/cognizant/pharmacysupply/model/MedicineStockTestContext.groovy] does not exist
10:09:50.906 [main] INFO org.springframework.test.context.support.AbstractContextLoader - Could not detect default resource locations for test class [com.cognizant.pharmacysupply.model.MedicineStockTest]: no resource found for suffixes {-context.xml, Context.groovy}.
10:09:50.907 [main] INFO org.springframework.test.context.support.AnnotationConfigContextLoaderUtils - Could not detect default configuration classes for test class [com.cognizant.pharmacysupply.model.MedicineStockTest]: MedicineStockTest does not declare any static, non-private, non-final, nested classes annotated with @Configuration.
10:09:50.909 [main] DEBUG org.springframework.test.context.support.ActiveProfilesUtils - Could not find an 'annotation declaring class' for annotation type [org.springframework.test.context.ActiveProfiles] and class [com.cognizant.pharmacysupply.model.MedicineStockTest]
10:09:50.910 [main] INFO org.springframework.boot.test.context.SpringBootTestContextBootstrapper - Found @SpringBootConfiguration com.cognizant.pharmacysupply.PharmacySupplyApplication for test class com.cognizant.pharmacysupply.model.MedicineStockTest
10:09:50.929 [main] DEBUG org.springframework.boot.test.context.SpringBootTestContextBootstrapper - @TestExecutionListeners is not present for class [com.cognizant.pharmacysupply.model.MedicineStockTest]: using defaults.
10:09:50.929 [main] INFO org.springframework.boot.test.context.SpringBootTestContextBootstrapper - Loaded default TestExecutionListener class names from location [META-INF/spring.factories]: [org.springframework.boot.test.mock.mockito.MockitoTestExecutionListener, org.springframework.boot.test.mock.mockito.ResetMocksTestExecutionListener, org.springframework.boot.test.autoconfigure.restdocs.RestDocsTestExecutionListener, org.springframework.boot.test.autoconfigure.web.client.MockRestServiceServerResetTestExecutionListener, org.springframework.boot.test.autoconfigure.web.servlet.MockMvcPrintOnlyOnFailureTestExecutionListener, org.springframework.boot.test.autoconfigure.web.servlet.WebDriverTestExecutionListener, org.springframework.boot.test.autoconfigure.webservices.client.MockWebServiceServerTestExecutionListener, org.springframework.test.context.web.ServletTestExecutionListener, org.springframework.test.context.support.DirtiesContextBeforeModesTestExecutionListener, org.springframework.test.context.support.DependencyInjectionTestExecutionListener, org.springframework.test.context.support.DirtiesContextTestExecutionListener, org.springframework.test.context.transaction.TransactionalTestExecutionListener, org.springframework.test.context.jdbc.SqlScriptsTestExecutionListener, org.springframework.test.context.event.EventPublishingTestExecutionListener]
10:09:50.930 [main] INFO org.springframework.boot.test.context.SpringBootTestContextBootstrapper - Using TestExecutionListeners: [org.springframework.test.context.web.ServletTestExecutionListener@65a15628, org.springframework.test.context.support.DirtiesContextBeforeModesTestExecutionListener@2e6a5539, org.springframework.boot.test.mock.mockito.MockitoTestExecutionListener@3fc9504b, org.springframework.boot.test.autoconfigure.SpringBootDependencyInjectionTestExecutionListener@6d025197, org.springframework.test.context.support.DirtiesContextTestExecutionListener@27d4a09, org.springframework.test.context.transaction.TransactionalTestExecutionListener@7e4204e2, org.springframework.test.context.jdbc.SqlScriptsTestExecutionListener@b7c4869, org.springframework.test.context.event.EventPublishingTestExecutionListener@740d2e78, org.springframework.boot.test.mock.mockito.ResetMocksTestExecutionListener@1c481ff2, org.springframework.boot.test.autoconfigure.restdocs.RestDocsTestExecutionListener@72437d8d, org.springframework.boot.test.autoconfigure.web.client.MockRestServiceServerResetTestExecutionListener@1b955cac, org.springframework.boot.test.autoconfigure.web.servlet.MockMvcPrintOnlyOnFailureTestExecutionListener@676cf48, org.springframework.boot.test.autoconfigure.web.servlet.WebDriverTestExecutionListener@5a1de7fb, org.springframework.boot.test.autoconfigure.webservices.client.MockWebServiceServerTestExecutionListener@335b5620]
10:09:50.931 [main] DEBUG org.springframework.test.annotation.ProfileValueUtils - Retrieved @ProfileValueSourceConfiguration [null] for test class [com.cognizant.pharmacysupply.model.MedicineStockTest]
10:09:50.932 [main] DEBUG org.springframework.test.annotation.ProfileValueUtils - Retrieved ProfileValueSource type [class org.springframework.test.annotation.SystemProfileValueSource] for class [com.cognizant.pharmacysupply.model.MedicineStockTest]
10:09:50.933 [main] DEBUG org.springframework.test.annotation.ProfileValueUtils - Retrieved @ProfileValueSourceConfiguration [null] for test class [com.cognizant.pharmacysupply.model.MedicineStockTest]
10:09:50.933 [main] DEBUG org.springframework.test.annotation.ProfileValueUtils - Retrieved ProfileValueSource type [class org.springframework.test.annotation.SystemProfileValueSource] for class [com.cognizant.pharmacysupply.model.MedicineStockTest]
10:09:50.933 [main] DEBUG org.springframework.test.annotation.ProfileValueUtils - Retrieved @ProfileValueSourceConfiguration [null] for test class [com.cognizant.pharmacysupply.model.MedicineStockTest]
10:09:50.933 [main] DEBUG org.springframework.test.annotation.ProfileValueUtils - Retrieved ProfileValueSource type [class org.springframework.test.annotation.SystemProfileValueSource] for class [com.cognizant.pharmacysupply.model.MedicineStockTest]
10:09:50.941 [main] DEBUG org.springframework.test.context.junit4.SpringJUnit4ClassRunner - SpringJUnit4ClassRunner constructor called with [class com.cognizant.pharmacysupply.model.PharmacyMedicineSupplyTest]
10:09:50.941 [main] DEBUG org.springframework.test.context.BootstrapUtils - Instantiating CacheAwareContextLoaderDelegate from class [org.springframework.test.context.cache.DefaultCacheAwareContextLoaderDelegate]
10:09:50.941 [main] DEBUG org.springframework.test.context.BootstrapUtils - Instantiating BootstrapContext using constructor [public org.springframework.test.context.support.DefaultBootstrapContext(java.lang.Class,org.springframework.test.context.CacheAwareContextLoaderDelegate)]
10:09:50.942 [main] DEBUG org.springframework.test.context.BootstrapUtils - Instantiating TestContextBootstrapper for test class [com.cognizant.pharmacysupply.model.PharmacyMedicineSupplyTest] from class [org.springframework.boot.test.context.SpringBootTestContextBootstrapper]
10:09:50.943 [main] INFO org.springframework.boot.test.context.SpringBootTestContextBootstrapper - Neither @ContextConfiguration nor @ContextHierarchy found for test class [com.cognizant.pharmacysupply.model.PharmacyMedicineSupplyTest], using SpringBootContextLoader
10:09:50.945 [main] DEBUG org.springframework.test.context.support.AbstractContextLoader - Did not detect default resource location for test class [com.cognizant.pharmacysupply.model.PharmacyMedicineSupplyTest]: class path resource [com/cognizant/pharmacysupply/model/PharmacyMedicineSupplyTest-context.xml] does not exist
10:09:50.947 [main] DEBUG org.springframework.test.context.support.AbstractContextLoader - Did not detect default resource location for test class [com.cognizant.pharmacysupply.model.PharmacyMedicineSupplyTest]: class path resource [com/cognizant/pharmacysupply/model/PharmacyMedicineSupplyTestContext.groovy] does not exist
10:09:50.948 [main] INFO org.springframework.test.context.support.AbstractContextLoader - Could not detect default resource locations for test class [com.cognizant.pharmacysupply.model.PharmacyMedicineSupplyTest]: no resource found for suffixes {-context.xml, Context.groovy}.
10:09:50.948 [main] INFO org.springframework.test.context.support.AnnotationConfigContextLoaderUtils - Could not detect default configuration classes for test class [com.cognizant.pharmacysupply.model.PharmacyMedicineSupplyTest]: PharmacyMedicineSupplyTest does not declare any static, non-private, non-final, nested classes annotated with @Configuration.
10:09:50.952 [main] DEBUG org.springframework.test.context.support.ActiveProfilesUtils - Could not find an 'annotation declaring class' for annotation type [org.springframework.test.context.ActiveProfiles] and class [com.cognizant.pharmacysupply.model.PharmacyMedicineSupplyTest]
10:09:50.953 [main] INFO org.springframework.boot.test.context.SpringBootTestContextBootstrapper - Found @SpringBootConfiguration com.cognizant.pharmacysupply.PharmacySupplyApplication for test class com.cognizant.pharmacysupply.model.PharmacyMedicineSupplyTest
10:09:50.958 [main] DEBUG org.springframework.boot.test.context.SpringBootTestContextBootstrapper - @TestExecutionListeners is not present for class [com.cognizant.pharmacysupply.model.PharmacyMedicineSupplyTest]: using defaults.
10:09:50.959 [main] INFO org.springframework.boot.test.context.SpringBootTestContextBootstrapper - Loaded default TestExecutionListener class names from location [META-INF/spring.factories]: [org.springframework.boot.test.mock.mockito.MockitoTestExecutionListener, org.springframework.boot.test.mock.mockito.ResetMocksTestExecutionListener, org.springframework.boot.test.autoconfigure.restdocs.RestDocsTestExecutionListener, org.springframework.boot.test.autoconfigure.web.client.MockRestServiceServerResetTestExecutionListener, org.springframework.boot.test.autoconfigure.web.servlet.MockMvcPrintOnlyOnFailureTestExecutionListener, org.springframework.boot.test.autoconfigure.web.servlet.WebDriverTestExecutionListener, org.springframework.boot.test.autoconfigure.webservices.client.MockWebServiceServerTestExecutionListener, org.springframework.test.context.web.ServletTestExecutionListener, org.springframework.test.context.support.DirtiesContextBeforeModesTestExecutionListener, org.springframework.test.context.support.DependencyInjectionTestExecutionListener, org.springframework.test.context.support.DirtiesContextTestExecutionListener, org.springframework.test.context.transaction.TransactionalTestExecutionListener, org.springframework.test.context.jdbc.SqlScriptsTestExecutionListener, org.springframework.test.context.event.EventPublishingTestExecutionListener]
10:09:50.959 [main] INFO org.springframework.boot.test.context.SpringBootTestContextBootstrapper - Using TestExecutionListeners: [org.springframework.test.context.web.ServletTestExecutionListener@3a4621bd, org.springframework.test.context.support.DirtiesContextBeforeModesTestExecutionListener@31dadd46, org.springframework.boot.test.mock.mockito.MockitoTestExecutionListener@4ed5eb72, org.springframework.boot.test.autoconfigure.SpringBootDependencyInjectionTestExecutionListener@12f9af83, org.springframework.test.context.support.DirtiesContextTestExecutionListener@19b93fa8, org.springframework.test.context.transaction.TransactionalTestExecutionListener@7e6ef134, org.springframework.test.context.jdbc.SqlScriptsTestExecutionListener@1f010bf0, org.springframework.test.context.event.EventPublishingTestExecutionListener@40db2a24, org.springframework.boot.test.mock.mockito.ResetMocksTestExecutionListener@10cf09e8, org.springframework.boot.test.autoconfigure.restdocs.RestDocsTestExecutionListener@1921ad94, org.springframework.boot.test.autoconfigure.web.client.MockRestServiceServerResetTestExecutionListener@ee86bcb, org.springframework.boot.test.autoconfigure.web.servlet.MockMvcPrintOnlyOnFailureTestExecutionListener@177bea38, org.springframework.boot.test.autoconfigure.web.servlet.WebDriverTestExecutionListener@7f132176, org.springframework.boot.test.autoconfigure.webservices.client.MockWebServiceServerTestExecutionListener@6bca7e0d]
10:09:50.959 [main] DEBUG org.springframework.test.annotation.ProfileValueUtils - Retrieved @ProfileValueSourceConfiguration [null] for test class [com.cognizant.pharmacysupply.model.PharmacyMedicineSupplyTest]
10:09:50.960 [main] DEBUG org.springframework.test.annotation.ProfileValueUtils - Retrieved ProfileValueSource type [class org.springframework.test.annotation.SystemProfileValueSource] for class [com.cognizant.pharmacysupply.model.PharmacyMedicineSupplyTest]
10:09:50.960 [main] DEBUG org.springframework.test.annotation.ProfileValueUtils - Retrieved @ProfileValueSourceConfiguration [null] for test class [com.cognizant.pharmacysupply.model.PharmacyMedicineSupplyTest]
10:09:50.965 [main] DEBUG org.springframework.test.annotation.ProfileValueUtils - Retrieved ProfileValueSource type [class org.springframework.test.annotation.SystemProfileValueSource] for class [com.cognizant.pharmacysupply.model.PharmacyMedicineSupplyTest]
10:09:50.966 [main] DEBUG org.springframework.test.annotation.ProfileValueUtils - Retrieved @ProfileValueSourceConfiguration [null] for test class [com.cognizant.pharmacysupply.model.PharmacyMedicineSupplyTest]
10:09:50.966 [main] DEBUG org.springframework.test.annotation.ProfileValueUtils - Retrieved ProfileValueSource type [class org.springframework.test.annotation.SystemProfileValueSource] for class [com.cognizant.pharmacysupply.model.PharmacyMedicineSupplyTest]
10:09:51.112 [main] DEBUG org.springframework.test.context.junit4.SpringJUnit4ClassRunner - SpringJUnit4ClassRunner constructor called with [class com.cognizant.pharmacysupply.service.PharmacyServiceTest]
10:09:51.113 [main] DEBUG org.springframework.test.context.BootstrapUtils - Instantiating CacheAwareContextLoaderDelegate from class [org.springframework.test.context.cache.DefaultCacheAwareContextLoaderDelegate]
10:09:51.115 [main] DEBUG org.springframework.test.context.BootstrapUtils - Instantiating BootstrapContext using constructor [public org.springframework.test.context.support.DefaultBootstrapContext(java.lang.Class,org.springframework.test.context.CacheAwareContextLoaderDelegate)]
10:09:51.116 [main] DEBUG org.springframework.test.context.BootstrapUtils - Instantiating TestContextBootstrapper for test class [com.cognizant.pharmacysupply.service.PharmacyServiceTest] from class [org.springframework.boot.test.context.SpringBootTestContextBootstrapper]
10:09:51.118 [main] INFO org.springframework.boot.test.context.SpringBootTestContextBootstrapper - Neither @ContextConfiguration nor @ContextHierarchy found for test class [com.cognizant.pharmacysupply.service.PharmacyServiceTest], using SpringBootContextLoader
10:09:51.119 [main] DEBUG org.springframework.test.context.support.AbstractContextLoader - Did not detect default resource location for test class [com.cognizant.pharmacysupply.service.PharmacyServiceTest]: class path resource [com/cognizant/pharmacysupply/service/PharmacyServiceTest-context.xml] does not exist
10:09:51.121 [main] DEBUG org.springframework.test.context.support.AbstractContextLoader - Did not detect default resource location for test class [com.cognizant.pharmacysupply.service.PharmacyServiceTest]: class path resource [com/cognizant/pharmacysupply/service/PharmacyServiceTestContext.groovy] does not exist
10:09:51.121 [main] INFO org.springframework.test.context.support.AbstractContextLoader - Could not detect default resource locations for test class [com.cognizant.pharmacysupply.service.PharmacyServiceTest]: no resource found for suffixes {-context.xml, Context.groovy}.
10:09:51.122 [main] INFO org.springframework.test.context.support.AnnotationConfigContextLoaderUtils - Could not detect default configuration classes for test class [com.cognizant.pharmacysupply.service.PharmacyServiceTest]: PharmacyServiceTest does not declare any static, non-private, non-final, nested classes annotated with @Configuration.
10:09:51.143 [main] DEBUG org.springframework.test.context.support.ActiveProfilesUtils - Could not find an 'annotation declaring class' for annotation type [org.springframework.test.context.ActiveProfiles] and class [com.cognizant.pharmacysupply.service.PharmacyServiceTest]
10:09:51.161 [main] DEBUG org.springframework.context.annotation.ClassPathScanningCandidateComponentProvider - Identified candidate component class: file [C:\Users\Meghna\OneDrive\Desktop\MFPE-POD5\Pharmacy-Medicine-Supply-Microservice\target\classes\com\cognizant\pharmacysupply\PharmacySupplyApplication.class]
10:09:51.161 [main] INFO org.springframework.boot.test.context.SpringBootTestContextBootstrapper - Found @SpringBootConfiguration com.cognizant.pharmacysupply.PharmacySupplyApplication for test class com.cognizant.pharmacysupply.service.PharmacyServiceTest
10:09:51.166 [main] DEBUG org.springframework.boot.test.context.SpringBootTestContextBootstrapper - @TestExecutionListeners is not present for class [com.cognizant.pharmacysupply.service.PharmacyServiceTest]: using defaults.
10:09:51.166 [main] INFO org.springframework.boot.test.context.SpringBootTestContextBootstrapper - Loaded default TestExecutionListener class names from location [META-INF/spring.factories]: [org.springframework.boot.test.mock.mockito.MockitoTestExecutionListener, org.springframework.boot.test.mock.mockito.ResetMocksTestExecutionListener, org.springframework.boot.test.autoconfigure.restdocs.RestDocsTestExecutionListener, org.springframework.boot.test.autoconfigure.web.client.MockRestServiceServerResetTestExecutionListener, org.springframework.boot.test.autoconfigure.web.servlet.MockMvcPrintOnlyOnFailureTestExecutionListener, org.springframework.boot.test.autoconfigure.web.servlet.WebDriverTestExecutionListener, org.springframework.boot.test.autoconfigure.webservices.client.MockWebServiceServerTestExecutionListener, org.springframework.test.context.web.ServletTestExecutionListener, org.springframework.test.context.support.DirtiesContextBeforeModesTestExecutionListener, org.springframework.test.context.support.DependencyInjectionTestExecutionListener, org.springframework.test.context.support.DirtiesContextTestExecutionListener, org.springframework.test.context.transaction.TransactionalTestExecutionListener, org.springframework.test.context.jdbc.SqlScriptsTestExecutionListener, org.springframework.test.context.event.EventPublishingTestExecutionListener]
10:09:51.166 [main] INFO org.springframework.boot.test.context.SpringBootTestContextBootstrapper - Using TestExecutionListeners: [org.springframework.test.context.web.ServletTestExecutionListener@222eb8aa, org.springframework.test.context.support.DirtiesContextBeforeModesTestExecutionListener@93cf163, org.springframework.boot.test.mock.mockito.MockitoTestExecutionListener@1852a3ff, org.springframework.boot.test.autoconfigure.SpringBootDependencyInjectionTestExecutionListener@7203c7ff, org.springframework.test.context.support.DirtiesContextTestExecutionListener@25bfcafd, org.springframework.test.context.transaction.TransactionalTestExecutionListener@4b6690c0, org.springframework.test.context.jdbc.SqlScriptsTestExecutionListener@46268f08, org.springframework.test.context.event.EventPublishingTestExecutionListener@2a76840c, org.springframework.boot.test.mock.mockito.ResetMocksTestExecutionListener@71454b9d, org.springframework.boot.test.autoconfigure.restdocs.RestDocsTestExecutionListener@eda25e5, org.springframework.boot.test.autoconfigure.web.client.MockRestServiceServerResetTestExecutionListener@7cf6a5f9, org.springframework.boot.test.autoconfigure.web.servlet.MockMvcPrintOnlyOnFailureTestExecutionListener@623e088f, org.springframework.boot.test.autoconfigure.web.servlet.WebDriverTestExecutionListener@39fcbef6, org.springframework.boot.test.autoconfigure.webservices.client.MockWebServiceServerTestExecutionListener@66565121]
10:09:51.166 [main] DEBUG org.springframework.test.annotation.ProfileValueUtils - Retrieved @ProfileValueSourceConfiguration [null] for test class [com.cognizant.pharmacysupply.service.PharmacyServiceTest]
10:09:51.166 [main] DEBUG org.springframework.test.annotation.ProfileValueUtils - Retrieved ProfileValueSource type [class org.springframework.test.annotation.SystemProfileValueSource] for class [com.cognizant.pharmacysupply.service.PharmacyServiceTest]
10:09:51.168 [main] DEBUG org.springframework.test.annotation.ProfileValueUtils - Retrieved @ProfileValueSourceConfiguration [null] for test class [com.cognizant.pharmacysupply.service.PharmacyServiceTest]
10:09:51.168 [main] DEBUG org.springframework.test.annotation.ProfileValueUtils - Retrieved ProfileValueSource type [class org.springframework.test.annotation.SystemProfileValueSource] for class [com.cognizant.pharmacysupply.service.PharmacyServiceTest]
10:09:51.168 [main] DEBUG org.springframework.test.annotation.ProfileValueUtils - Retrieved @ProfileValueSourceConfiguration [null] for test class [com.cognizant.pharmacysupply.service.PharmacyServiceTest]
10:09:51.168 [main] DEBUG org.springframework.test.annotation.ProfileValueUtils - Retrieved ProfileValueSource type [class org.springframework.test.annotation.SystemProfileValueSource] for class [com.cognizant.pharmacysupply.service.PharmacyServiceTest]
10:09:51.195 [main] DEBUG org.springframework.test.context.junit4.SpringJUnit4ClassRunner - SpringJUnit4ClassRunner constructor called with [class com.cognizant.pharmacysupply.controller.PharmacySupplyControllerTest]
10:09:51.195 [main] DEBUG org.springframework.test.context.BootstrapUtils - Instantiating CacheAwareContextLoaderDelegate from class [org.springframework.test.context.cache.DefaultCacheAwareContextLoaderDelegate]
10:09:51.195 [main] DEBUG org.springframework.test.context.BootstrapUtils - Instantiating BootstrapContext using constructor [public org.springframework.test.context.support.DefaultBootstrapContext(java.lang.Class,org.springframework.test.context.CacheAwareContextLoaderDelegate)]
10:09:51.196 [main] DEBUG org.springframework.test.context.BootstrapUtils - Instantiating TestContextBootstrapper for test class [com.cognizant.pharmacysupply.controller.PharmacySupplyControllerTest] from class [org.springframework.boot.test.context.SpringBootTestContextBootstrapper]
10:09:51.197 [main] INFO org.springframework.boot.test.context.SpringBootTestContextBootstrapper - Neither @ContextConfiguration nor @ContextHierarchy found for test class [com.cognizant.pharmacysupply.controller.PharmacySupplyControllerTest], using SpringBootContextLoader
10:09:51.199 [main] DEBUG org.springframework.test.context.support.AbstractContextLoader - Did not detect default resource location for test class [com.cognizant.pharmacysupply.controller.PharmacySupplyControllerTest]: class path resource [com/cognizant/pharmacysupply/controller/PharmacySupplyControllerTest-context.xml] does not exist
10:09:51.200 [main] DEBUG org.springframework.test.context.support.AbstractContextLoader - Did not detect default resource location for test class [com.cognizant.pharmacysupply.controller.PharmacySupplyControllerTest]: class path resource [com/cognizant/pharmacysupply/controller/PharmacySupplyControllerTestContext.groovy] does not exist
10:09:51.200 [main] INFO org.springframework.test.context.support.AbstractContextLoader - Could not detect default resource locations for test class [com.cognizant.pharmacysupply.controller.PharmacySupplyControllerTest]: no resource found for suffixes {-context.xml, Context.groovy}.
10:09:51.200 [main] INFO org.springframework.test.context.support.AnnotationConfigContextLoaderUtils - Could not detect default configuration classes for test class [com.cognizant.pharmacysupply.controller.PharmacySupplyControllerTest]: PharmacySupplyControllerTest does not declare any static, non-private, non-final, nested classes annotated with @Configuration.
10:09:51.207 [main] DEBUG org.springframework.test.context.support.ActiveProfilesUtils - Could not find an 'annotation declaring class' for annotation type [org.springframework.test.context.ActiveProfiles] and class [com.cognizant.pharmacysupply.controller.PharmacySupplyControllerTest]
10:09:51.207 [main] INFO org.springframework.boot.test.context.SpringBootTestContextBootstrapper - Found @SpringBootConfiguration com.cognizant.pharmacysupply.PharmacySupplyApplication for test class com.cognizant.pharmacysupply.controller.PharmacySupplyControllerTest
10:09:51.211 [main] DEBUG org.springframework.boot.test.context.SpringBootTestContextBootstrapper - @TestExecutionListeners is not present for class [com.cognizant.pharmacysupply.controller.PharmacySupplyControllerTest]: using defaults.
10:09:51.211 [main] INFO org.springframework.boot.test.context.SpringBootTestContextBootstrapper - Loaded default TestExecutionListener class names from location [META-INF/spring.factories]: [org.springframework.boot.test.mock.mockito.MockitoTestExecutionListener, org.springframework.boot.test.mock.mockito.ResetMocksTestExecutionListener, org.springframework.boot.test.autoconfigure.restdocs.RestDocsTestExecutionListener, org.springframework.boot.test.autoconfigure.web.client.MockRestServiceServerResetTestExecutionListener, org.springframework.boot.test.autoconfigure.web.servlet.MockMvcPrintOnlyOnFailureTestExecutionListener, org.springframework.boot.test.autoconfigure.web.servlet.WebDriverTestExecutionListener, org.springframework.boot.test.autoconfigure.webservices.client.MockWebServiceServerTestExecutionListener, org.springframework.test.context.web.ServletTestExecutionListener, org.springframework.test.context.support.DirtiesContextBeforeModesTestExecutionListener, org.springframework.test.context.support.DependencyInjectionTestExecutionListener, org.springframework.test.context.support.DirtiesContextTestExecutionListener, org.springframework.test.context.transaction.TransactionalTestExecutionListener, org.springframework.test.context.jdbc.SqlScriptsTestExecutionListener, org.springframework.test.context.event.EventPublishingTestExecutionListener]
10:09:51.212 [main] INFO org.springframework.boot.test.context.SpringBootTestContextBootstrapper - Using TestExecutionListeners: [org.springframework.test.context.web.ServletTestExecutionListener@13f95696, org.springframework.test.context.support.DirtiesContextBeforeModesTestExecutionListener@cd1d761, org.springframework.boot.test.mock.mockito.MockitoTestExecutionListener@68be8808, org.springframework.boot.test.autoconfigure.SpringBootDependencyInjectionTestExecutionListener@32193bea, org.springframework.test.context.support.DirtiesContextTestExecutionListener@6b8d96d9, org.springframework.test.context.transaction.TransactionalTestExecutionListener@69653e16, org.springframework.test.context.jdbc.SqlScriptsTestExecutionListener@758705fa, org.springframework.test.context.event.EventPublishingTestExecutionListener@ebaa6cb, org.springframework.boot.test.mock.mockito.ResetMocksTestExecutionListener@906d29b, org.springframework.boot.test.autoconfigure.restdocs.RestDocsTestExecutionListener@49d3c823, org.springframework.boot.test.autoconfigure.web.client.MockRestServiceServerResetTestExecutionListener@436bc36, org.springframework.boot.test.autoconfigure.web.servlet.MockMvcPrintOnlyOnFailureTestExecutionListener@5fe1ce85, org.springframework.boot.test.autoconfigure.web.servlet.WebDriverTestExecutionListener@604c5de8, org.springframework.boot.test.autoconfigure.webservices.client.MockWebServiceServerTestExecutionListener@37091312]
10:09:51.212 [main] DEBUG org.springframework.test.annotation.ProfileValueUtils - Retrieved @ProfileValueSourceConfiguration [null] for test class [com.cognizant.pharmacysupply.controller.PharmacySupplyControllerTest]
10:09:51.213 [main] DEBUG org.springframework.test.annotation.ProfileValueUtils - Retrieved ProfileValueSource type [class org.springframework.test.annotation.SystemProfileValueSource] for class [com.cognizant.pharmacysupply.controller.PharmacySupplyControllerTest]
10:09:51.216 [main] DEBUG org.springframework.test.annotation.ProfileValueUtils - Retrieved @ProfileValueSourceConfiguration [null] for test class [com.cognizant.pharmacysupply.controller.PharmacySupplyControllerTest]
10:09:51.217 [main] DEBUG org.springframework.test.annotation.ProfileValueUtils - Retrieved ProfileValueSource type [class org.springframework.test.annotation.SystemProfileValueSource] for class [com.cognizant.pharmacysupply.controller.PharmacySupplyControllerTest]
10:09:51.217 [main] DEBUG org.springframework.test.annotation.ProfileValueUtils - Retrieved @ProfileValueSourceConfiguration [null] for test class [com.cognizant.pharmacysupply.controller.PharmacySupplyControllerTest]
10:09:51.218 [main] DEBUG org.springframework.test.annotation.ProfileValueUtils - Retrieved ProfileValueSource type [class org.springframework.test.annotation.SystemProfileValueSource] for class [com.cognizant.pharmacysupply.controller.PharmacySupplyControllerTest]
10:09:51.220 [main] DEBUG org.springframework.test.context.junit4.SpringJUnit4ClassRunner - SpringJUnit4ClassRunner constructor called with [class com.cognizant.pharmacysupply.exception.MedicineNotFoundExceptionTest]
10:09:51.220 [main] DEBUG org.springframework.test.context.BootstrapUtils - Instantiating CacheAwareContextLoaderDelegate from class [org.springframework.test.context.cache.DefaultCacheAwareContextLoaderDelegate]
10:09:51.221 [main] DEBUG org.springframework.test.context.BootstrapUtils - Instantiating BootstrapContext using constructor [public org.springframework.test.context.support.DefaultBootstrapContext(java.lang.Class,org.springframework.test.context.CacheAwareContextLoaderDelegate)]
10:09:51.221 [main] DEBUG org.springframework.test.context.BootstrapUtils - Instantiating TestContextBootstrapper for test class [com.cognizant.pharmacysupply.exception.MedicineNotFoundExceptionTest] from class [org.springframework.boot.test.context.SpringBootTestContextBootstrapper]
10:09:51.222 [main] INFO org.springframework.boot.test.context.SpringBootTestContextBootstrapper - Neither @ContextConfiguration nor @ContextHierarchy found for test class [com.cognizant.pharmacysupply.exception.MedicineNotFoundExceptionTest], using SpringBootContextLoader
10:09:51.224 [main] DEBUG org.springframework.test.context.support.AbstractContextLoader - Did not detect default resource location for test class [com.cognizant.pharmacysupply.exception.MedicineNotFoundExceptionTest]: class path resource [com/cognizant/pharmacysupply/exception/MedicineNotFoundExceptionTest-context.xml] does not exist
[...]
10:09:51.806 [main] INFO org.springframework.boot.test.context.SpringBootTestContextBootstrapper - Using TestExecutionListeners: [org.springframework.test.context.web.ServletTestExecutionListener@2a8d39c4, org.springframework.test.context.support.DirtiesContextBeforeModesTestExecutionListener@25b2cfcb, org.springframework.boot.test.mock.mockito.MockitoTestExecutionListener@72758afa, org.springframework.boot.test.autoconfigure.SpringBootDependencyInjectionTestExecutionListener@fb9c7aa, org.springframework.test.context.support.DirtiesContextTestExecutionListener@4c398c80, org.springframework.test.context.transaction.TransactionalTestExecutionListener@7fc6de5b, org.springframework.test.context.jdbc.SqlScriptsTestExecutionListener@21baa903, org.springframework.test.context.event.EventPublishingTestExecutionListener@607fbe09, org.springframework.boot.test.mock.mockito.ResetMocksTestExecutionListener@60a2630a, org.springframework.boot.test.autoconfigure.restdocs.RestDocsTestExecutionListener@29df4d43, org.springframework.boot.test.autoconfigure.web.client.MockRestServiceServerResetTestExecutionListener@5dd91bca, org.springframework.boot.test.autoconfigure.web.servlet.MockMvcPrintOnlyOnFailureTestExecutionListener@40cb698e, org.springframework.boot.test.autoconfigure.web.servlet.WebDriverTestExecutionListener@3382f8ae, org.springframework.boot.test.autoconfigure.webservices.client.MockWebServiceServerTestExecutionListener@60641ec8]
10:09:51.817 [main] DEBUG org.springframework.test.context.support.AbstractDirtiesContextTestExecutionListener - Before test class: context [DefaultTestContext@1698fc68 testClass = PharmacySupplyApplicationTests, testInstance = [null], testMethod = [null], testException = [null], mergedContextConfiguration = [WebMergedContextConfiguration@4504d271 testClass = PharmacySupplyApplicationTests, locations = '{}', classes = '{class com.cognizant.pharmacysupply.PharmacySupplyApplication}', contextInitializerClasses = '[]', activeProfiles = '{}', propertySourceLocations = '{}', propertySourceProperties = '{org.springframework.boot.test.context.SpringBootTestContextBootstrapper=true}', contextCustomizers = set[org.springframework.boot.test.context.filter.ExcludeFilterContextCustomizer@34f5090e, org.springframework.boot.test.json.DuplicateJsonObjectContextCustomizerFactory$DuplicateJsonObjectContextCustomizer@1cbb87f3, org.springframework.boot.test.mock.mockito.MockitoContextCustomizer@0, org.springframework.boot.test.web.client.TestRestTemplateContextCustomizer@69997e9d, org.springframework.boot.test.autoconfigure.properties.PropertyMappingContextCustomizer@0, org.springframework.boot.test.autoconfigure.web.servlet.WebDriverContextCustomizerFactory$Customizer@28f3b248, org.springframework.boot.test.context.SpringBootTestArgs@1, org.springframework.boot.test.context.SpringBootTestWebEnvironment@38afe297], resourceBasePath = 'src/main/webapp', contextLoader = 'org.springframework.boot.test.context.SpringBootContextLoader', parent = [null]], attributes = map['org.springframework.test.context.web.ServletTestExecutionListener.activateListener' -> true]], class annotated with @DirtiesContext [false] with mode [null].
10:09:51.921 [main] DEBUG org.springframework.test.context.support.TestPropertySourceUtils - Adding inlined properties to environment: {spring.jmx.enabled=false, org.springframework.boot.test.context.SpringBootTestContextBootstrapper=true}

  .   ____          _            __ _ _
 /\\ / ___'_ __ _ _(_)_ __  __ _ \ \ \ \
( ( )\___ | '_ | '_| | '_ \/ _` | \ \ \ \
 \\/  ___)| |_)| | | | | || (_| |  ) ) ) )
  '  |____| .__|_| |_|_| |_\__, | / / / /
 =========|_|==============|___/=/_/_/_/
 :: Spring Boot ::        (v2.3.9.RELEASE)

07-05-21 10:09:57.028 main                  INFO acySupplyApplicationTests     logStartupProfileInfo  651 No active profile set, falling back to default profiles: default
07-05-21 10:09:57.093 main                 DEBUG ericWebApplicationContext            prepareRefresh  596 Refreshing org.springframework.web.context.support.GenericWebApplicationContext@71870da7
07-05-21 10:09:58.491 main                  INFO toryConfigurationDelegate    registerRepositoriesIn  127 Bootstrapping Spring Data JPA repositories in DEFAULT mode.
07-05-21 10:09:58.752 main                  INFO toryConfigurationDelegate    registerRepositoriesIn  187 Finished Spring Data repository scanning in 242ms. Found 2 JPA repository interfaces.
07-05-21 10:09:59.411 main                  INFO o.s.c.c.s.GenericScope           setSerializationId  295 BeanFactory id=bdadd7b1-65c3-3cd5-ba03-6473703a4c0f
07-05-21 10:10:00.949 main                  INFO c.z.h.HikariDataSource                getConnection  110 HikariPool-1 - Starting...
07-05-21 10:10:01.845 main                  INFO c.z.h.HikariDataSource                getConnection  123 HikariPool-1 - Start completed.
07-05-21 10:10:02.764 main                  INFO o.h.j.i.util.LogHelper    logPersistenceUnitInformation   31 HHH000204: Processing PersistenceUnitInfo [name: default]
07-05-21 10:10:03.237 main                  INFO org.hibernate.Version                    logVersion   44 HHH000412: Hibernate ORM core version 5.4.28.Final
07-05-21 10:10:03.830 main                  INFO o.h.a.common.Version                       <clinit>   56 HCANN000001: Hibernate Commons Annotations {5.1.2.Final}
07-05-21 10:10:04.935 main                  INFO o.h.dialect.Dialect                          <init>  175 HHH000400: Using dialect: org.hibernate.dialect.H2Dialect
07-05-21 10:10:07.601 main                 DEBUG org.hibernate.SQL                      logStatement  144 drop table if exists medicine_demand CASCADE 
Hibernate: drop table if exists medicine_demand CASCADE 
07-05-21 10:10:07.610 main                 DEBUG org.hibernate.SQL                      logStatement  144 drop table if exists medicine_supply CASCADE 
Hibernate: drop table if exists medicine_supply CASCADE 
07-05-21 10:10:07.611 main                 DEBUG org.hibernate.SQL                      logStatement  144 drop sequence if exists hibernate_sequence
Hibernate: drop sequence if exists hibernate_sequence
07-05-21 10:10:07.620 main                 DEBUG org.hibernate.SQL                      logStatement  144 create sequence hibernate_sequence start with 1 increment by 1
Hibernate: create sequence hibernate_sequence start with 1 increment by 1
07-05-21 10:10:07.631 main                 DEBUG org.hibernate.SQL                      logStatement  144 create table medicine_demand (id integer not null, demand_count integer not null, medicine_name varchar(255) not null, primary key (id))
Hibernate: create table medicine_demand (id integer not null, demand_count integer not null, medicine_name varchar(255) not null, primary key (id))
07-05-21 10:10:07.678 main                 DEBUG org.hibernate.SQL                      logStatement  144 create table medicine_supply (id integer not null, medicine_name varchar(255), pharmacy_name varchar(255), supply_count integer not null, primary key (id))
Hibernate: create table medicine_supply (id integer not null, medicine_name varchar(255), pharmacy_name varchar(255), supply_count integer not null, primary key (id))
07-05-21 10:10:07.691 main                  INFO .p.i.JtaPlatformInitiator           initiateService   52 HHH000490: Using JtaPlatform implementation: [org.hibernate.engine.transaction.jta.platform.internal.NoJtaPlatform]
07-05-21 10:10:07.859 main                  INFO rEntityManagerFactoryBean buildNativeEntityManagerFactory  419 Initialized JPA EntityManagerFactory for persistence unit 'default'
07-05-21 10:10:11.100 main                  WARN ation$JpaWebConfiguration openEntityManagerInViewInterceptor  220 spring.jpa.open-in-view is enabled by default. Therefore, database queries may be performed during view rendering. Explicitly configure spring.jpa.open-in-view to disable this warning
07-05-21 10:10:11.733 main                  INFO 2ConsoleAutoConfiguration        lambda$h2Console$0   73 H2 console available at '/h2-console'. Database available at 'jdbc:h2:mem:testdb'
07-05-21 10:10:13.621 main                  WARN .s.URLConfigurationSource                    <init>  126 No URLs will be polled as dynamic configuration sources.
07-05-21 10:10:13.623 main                  INFO .s.URLConfigurationSource                    <init>  127 To enable URLs as dynamic configuration sources, define System property archaius.configurationSource.additionalUrls or make config.properties available on classpath.
07-05-21 10:10:13.888 main                  WARN .s.URLConfigurationSource                    <init>  126 No URLs will be polled as dynamic configuration sources.
07-05-21 10:10:13.897 main                  INFO .s.URLConfigurationSource                    <init>  127 To enable URLs as dynamic configuration sources, define System property archaius.configurationSource.additionalUrls or make config.properties available on classpath.
07-05-21 10:10:15.781 main                  INFO .c.ThreadPoolTaskExecutor                initialize  181 Initializing ExecutorService 'applicationTaskExecutor'
07-05-21 10:10:16.382 main                 DEBUG uestMappingHandlerAdapter initControllerAdviceCache  614 ControllerAdvice beans: 0 @ModelAttribute, 0 @InitBinder, 1 RequestBodyAdvice, 1 ResponseBodyAdvice
07-05-21 10:10:16.798 main                 DEBUG uestMappingHandlerMapping handlerMethodsInitialized  351 5 mappings in 'requestMappingHandlerMapping'
07-05-21 10:10:17.019 main                 DEBUG h.SimpleUrlHandlerMapping          registerHandlers  173 Patterns [/webjars/**, /**] in 'resourceHandlerMapping'
07-05-21 10:10:17.484 main                 DEBUG nHandlerExceptionResolver initExceptionHandlerAdviceCache  297 ControllerAdvice beans: 1 @ExceptionHandler, 1 ResponseBodyAdvice
07-05-21 10:10:19.464 main                  INFO acySupplyApplicationTests                logStarted   61 Started PharmacySupplyApplicationTests in 27.509 seconds (JVM running for 33.706)
07-05-21 10:10:21.085 main                  INFO PharmacySupplyApplication                      main   14 START
07-05-21 10:10:21.106 main                 DEBUG tandardServletEnvironment         setActiveProfiles  252 Activating profiles []

  .   ____          _            __ _ _
 /\\ / ___'_ __ _ _(_)_ __  __ _ \ \ \ \
( ( )\___ | '_ | '_| | '_ \/ _` | \ \ \ \
 \\/  ___)| |_)| | | | | || (_| |  ) ) ) )
  '  |____| .__|_| |_|_| |_\__, | / / / /
 =========|_|==============|___/=/_/_/_/
 :: Spring Boot ::        (v2.3.9.RELEASE)

07-05-21 10:10:23.249 main                  INFO PharmacySupplyApplication     logStartupProfileInfo  651 No active profile set, falling back to default profiles: default
07-05-21 10:10:24.798 main                  INFO toryConfigurationDelegate    registerRepositoriesIn  127 Bootstrapping Spring Data JPA repositories in DEFAULT mode.
07-05-21 10:10:24.897 main                  INFO toryConfigurationDelegate    registerRepositoriesIn  187 Finished Spring Data repository scanning in 96ms. Found 2 JPA repository interfaces.
07-05-21 10:10:25.175 main                  INFO o.s.c.c.s.GenericScope           setSerializationId  295 BeanFactory id=505f2da9-b6a1-37cb-94e6-df8698135ab6
07-05-21 10:10:25.852 main                  INFO s.b.w.e.t.TomcatWebServer                initialize  108 Tomcat initialized with port(s): 8093 (http)
07-05-21 10:10:25.883 main                  INFO o.a.c.c.StandardService                         log  173 Starting service [Tomcat]
07-05-21 10:10:25.892 main                  INFO o.a.c.core.StandardEngine                       log  173 Starting Servlet engine: [Apache Tomcat/9.0.43]
07-05-21 10:10:26.856 main                  INFO pharmacy-medicine-supply]                       log  173 Initializing Spring embedded WebApplicationContext
07-05-21 10:10:26.860 main                  INFO bServerApplicationContext prepareWebApplicationContext  285 Root WebApplicationContext: initialization completed in 3601 ms
07-05-21 10:10:26.925 main                  INFO c.z.h.HikariDataSource                getConnection  110 HikariPool-2 - Starting...
07-05-21 10:10:26.936 main                  INFO c.z.h.HikariDataSource                getConnection  123 HikariPool-2 - Start completed.
07-05-21 10:10:26.938 main                  INFO 2ConsoleAutoConfiguration        lambda$h2Console$0   73 H2 console available at '/h2-console'. Database available at 'jdbc:h2:mem:testdb'
07-05-21 10:10:27.391 main                  INFO o.h.j.i.util.LogHelper    logPersistenceUnitInformation   31 HHH000204: Processing PersistenceUnitInfo [name: default]
07-05-21 10:10:27.443 main                  INFO o.h.dialect.Dialect                          <init>  175 HHH000400: Using dialect: org.hibernate.dialect.H2Dialect
07-05-21 10:10:28.036 main                 DEBUG org.hibernate.SQL                      logStatement  144 drop table if exists medicine_demand CASCADE 
Hibernate: drop table if exists medicine_demand CASCADE 
07-05-21 10:10:28.044 main                 DEBUG org.hibernate.SQL                      logStatement  144 drop table if exists medicine_supply CASCADE 
Hibernate: drop table if exists medicine_supply CASCADE 
07-05-21 10:10:28.047 main                 DEBUG org.hibernate.SQL                      logStatement  144 drop sequence if exists hibernate_sequence
Hibernate: drop sequence if exists hibernate_sequence
07-05-21 10:10:28.050 main                 DEBUG org.hibernate.SQL                      logStatement  144 create sequence hibernate_sequence start with 1 increment by 1
Hibernate: create sequence hibernate_sequence start with 1 increment by 1
07-05-21 10:10:28.054 main                 DEBUG org.hibernate.SQL                      logStatement  144 create table medicine_demand (id integer not null, demand_count integer not null, medicine_name varchar(255) not null, primary key (id))
Hibernate: create table medicine_demand (id integer not null, demand_count integer not null, medicine_name varchar(255) not null, primary key (id))
07-05-21 10:10:28.057 main                 DEBUG org.hibernate.SQL                      logStatement  144 create table medicine_supply (id integer not null, medicine_name varchar(255), pharmacy_name varchar(255), supply_count integer not null, primary key (id))
Hibernate: create table medicine_supply (id integer not null, medicine_name varchar(255), pharmacy_name varchar(255), supply_count integer not null, primary key (id))
07-05-21 10:10:28.067 main                  INFO .p.i.JtaPlatformInitiator           initiateService   52 HHH000490: Using JtaPlatform implementation: [org.hibernate.engine.transaction.jta.platform.internal.NoJtaPlatform]
07-05-21 10:10:28.068 main                  INFO rEntityManagerFactoryBean buildNativeEntityManagerFactory  419 Initialized JPA EntityManagerFactory for persistence unit 'default'
07-05-21 10:10:28.644 main                  WARN ation$JpaWebConfiguration openEntityManagerInViewInterceptor  220 spring.jpa.open-in-view is enabled by default. Therefore, database queries may be performed during view rendering. Explicitly configure spring.jpa.open-in-view to disable this warning
07-05-21 10:10:29.309 main                  WARN ArchaiusAutoConfiguration         configureArchaius  166 Netflix ConfigurationManager has already been installed, unable to re-install
07-05-21 10:10:29.702 main                  INFO .c.ThreadPoolTaskExecutor                initialize  181 Initializing ExecutorService 'applicationTaskExecutor'
07-05-21 10:10:29.711 main                 DEBUG uestMappingHandlerAdapter initControllerAdviceCache  614 ControllerAdvice beans: 0 @ModelAttribute, 0 @InitBinder, 1 RequestBodyAdvice, 1 ResponseBodyAdvice
07-05-21 10:10:29.732 main                 DEBUG uestMappingHandlerMapping handlerMethodsInitialized  351 5 mappings in 'requestMappingHandlerMapping'
07-05-21 10:10:29.742 main                 DEBUG h.SimpleUrlHandlerMapping          registerHandlers  173 Patterns [/webjars/**, /**] in 'resourceHandlerMapping'
07-05-21 10:10:29.791 main                 DEBUG nHandlerExceptionResolver initExceptionHandlerAdviceCache  297 ControllerAdvice beans: 1 @ExceptionHandler, 1 ResponseBodyAdvice
07-05-21 10:10:32.465 main                  WARN bServerApplicationContext                   refresh  559 Exception encountered during context initialization - cancelling refresh attempt: org.springframework.context.ApplicationContextException: Failed to start bean 'webServerStartStop'; nested exception is org.springframework.boot.web.server.PortInUseException: Port 8093 is already in use
07-05-21 10:10:32.468 main                  INFO .c.ThreadPoolTaskExecutor                  shutdown  218 Shutting down ExecutorService 'applicationTaskExecutor'
07-05-21 10:10:32.481 main                  INFO rEntityManagerFactoryBean                   destroy  601 Closing JPA EntityManagerFactory for persistence unit 'default'
07-05-21 10:10:32.483 main                  INFO mpl$DelayedDropActionImpl                   perform  526 HHH000477: Starting delayed evictData of schema as part of SessionFactory shut-down'
07-05-21 10:10:32.488 main                 DEBUG org.hibernate.SQL                      logStatement  144 drop table if exists medicine_demand CASCADE 
Hibernate: drop table if exists medicine_demand CASCADE 
07-05-21 10:10:32.490 main                 DEBUG org.hibernate.SQL                      logStatement  144 drop table if exists medicine_supply CASCADE 
Hibernate: drop table if exists medicine_supply CASCADE 
07-05-21 10:10:32.492 main                 DEBUG org.hibernate.SQL                      logStatement  144 drop sequence if exists hibernate_sequence
Hibernate: drop sequence if exists hibernate_sequence
07-05-21 10:10:32.517 main                  INFO c.z.h.HikariDataSource                        close  350 HikariPool-2 - Shutdown initiated...
07-05-21 10:10:32.523 main                  INFO c.z.h.HikariDataSource                        close  352 HikariPool-2 - Shutdown completed.
07-05-21 10:10:32.526 main                  INFO o.a.c.c.StandardService                         log  173 Stopping service [Tomcat]
07-05-21 10:10:32.544 main                  INFO tionReportLoggingListener                logMessage  136 

Error starting ApplicationContext. To display the conditions report re-run your application with 'debug' enabled.
07-05-21 10:10:32.550 main                 ERROR ngFailureAnalysisReporter                    report   40 

***************************
APPLICATION FAILED TO START
***************************

Description:

Web server failed to start. Port 8093 was already in use.

Action:

Identify and stop the process that's listening on port 8093 or configure this application to listen on another port.

]]></system-out>
  </testcase>
  <testcase name="contextLoads" classname="com.cognizant.pharmacysupply.PharmacySupplyApplicationTests" time="0.007"/>
</testsuite>